[debug] [2021-09-22T14:45:57.785Z] ----------------------------------------------------------------------
[debug] [2021-09-22T14:45:57.787Z] Command:       C:\Program Files\nodejs\node.exe C:\Users\oinbo\AppData\Roaming\npm\node_modules\firebase-tools\lib\bin\firebase.js init
[debug] [2021-09-22T14:45:57.787Z] CLI Version:   9.18.0
[debug] [2021-09-22T14:45:57.787Z] Platform:      win32
[debug] [2021-09-22T14:45:57.787Z] Node Version:  v16.7.0
[debug] [2021-09-22T14:45:57.789Z] Time:          Wed Sep 22 2021 23:45:57 GMT+0900 (대한민국 표준시)
[debug] [2021-09-22T14:45:57.789Z] ----------------------------------------------------------------------
[debug] 
[debug] [2021-09-22T14:45:57.792Z] >>> [apiv2][query] GET https://firebase-public.firebaseio.com/cli.json [none]
[debug] [2021-09-22T14:45:57.888Z] > command requires scopes: ["email","openid","https://www.googleapis.com/auth/cloudplatformprojects.readonly","https://www.googleapis.com/auth/firebase","https://www.googleapis.com/auth/cloud-platform"]
[debug] [2021-09-22T14:45:57.888Z] > authorizing via signed-in user (saeyoung1192@gmail.com)
[info] 
     ######## #### ########  ######## ########     ###     ######  ########
     ##        ##  ##     ## ##       ##     ##  ##   ##  ##       ##
     ######    ##  ########  ######   ########  #########  ######  ######
     ##        ##  ##    ##  ##       ##     ## ##     ##       ## ##
     ##       #### ##     ## ######## ########  ##     ##  ######  ########

You're about to initialize a Firebase project in this directory:

  C:\Users\oinbo\Desktop\vuePT\surveasy-Web\surveasy-sketch

Before we get started, keep in mind:

  * You are initializing within an existing Firebase project directory

[debug] [2021-09-22T14:45:58.563Z] <<< [apiv2][status] GET https://firebase-public.firebaseio.com/cli.json 200
[debug] [2021-09-22T14:45:58.563Z] <<< [apiv2][body] GET https://firebase-public.firebaseio.com/cli.json {"cloudBuildErrorAfter":1594252800000,"cloudBuildWarnAfter":1590019200000,"defaultNode10After":1594252800000,"minVersion":"3.0.5","node8DeploysDisabledAfter":1613390400000,"node8RuntimeDisabledAfter":1615809600000,"node8WarnAfter":1600128000000}
[info] 
=== Project Setup
[info] 
[info] First, let's associate this project directory with a Firebase project.
[info] You can create multiple project aliases by running firebase use --add, 
[info] but for now we'll just set up a default project.
[info] 
[info] i  .firebaserc already has a default project, using surveasy-prototype. 
[debug] [2021-09-22T14:46:19.282Z] > refreshing access token with scopes: []
[debug] [2021-09-22T14:46:19.283Z] >>> HTTP REQUEST POST https://www.googleapis.com/oauth2/v3/token  
 <request body omitted>
[debug] [2021-09-22T14:46:19.531Z] <<< HTTP RESPONSE 200 {"date":"Wed, 22 Sep 2021 14:46:19 GMT","cache-control":"no-cache, no-store, max-age=0, must-revalidate","expires":"Mon, 01 Jan 1990 00:00:00 GMT","pragma":"no-cache","content-type":"application/json; charset=utf-8","vary":"X-Origin, Referer, Origin,Accept-Encoding","server":"scaffolding on HTTPServer2","x-xss-protection":"0","x-frame-options":"SAMEORIGIN","x-content-type-options":"nosniff","alt-svc":"h3=\":443\"; ma=2592000,h3-29=\":443\"; ma=2592000,h3-T051=\":443\"; ma=2592000,h3-Q050=\":443\"; ma=2592000,h3-Q046=\":443\"; ma=2592000,h3-Q043=\":443\"; ma=2592000,quic=\":443\"; ma=2592000; v=\"46,43\"","accept-ranges":"none","transfer-encoding":"chunked"}
[debug] [2021-09-22T14:46:19.557Z] >>> [apiv2][query] GET https://firebase.googleapis.com/v1beta1/projects/surveasy-prototype [none]
[debug] [2021-09-22T14:46:20.477Z] <<< [apiv2][status] GET https://firebase.googleapis.com/v1beta1/projects/surveasy-prototype 403
[debug] [2021-09-22T14:46:20.478Z] <<< [apiv2][body] GET https://firebase.googleapis.com/v1beta1/projects/surveasy-prototype {"error":{"code":403,"message":"The caller does not have permission","status":"PERMISSION_DENIED"}}
[debug] [2021-09-22T14:46:20.479Z] HTTP Error: 403, The caller does not have permission
[debug] [2021-09-22T14:46:20.721Z] FirebaseError: HTTP Error: 403, The caller does not have permission
    at module.exports (C:\Users\oinbo\AppData\Roaming\npm\node_modules\firebase-tools\lib\responseToError.js:38:12)
    at Client.doRequest (C:\Users\oinbo\AppData\Roaming\npm\node_modules\firebase-tools\lib\apiv2.js:238:23)
    at processTicksAndRejections (node:internal/process/task_queues:96:5)
    at async Client.request (C:\Users\oinbo\AppData\Roaming\npm\node_modules\firebase-tools\lib\apiv2.js:96:20)
    at async Object.getFirebaseProject (C:\Users\oinbo\AppData\Roaming\npm\node_modules\firebase-tools\lib\management\projects.js:290:21)
    at async Object.doSetup [as project] (C:\Users\oinbo\AppData\Roaming\npm\node_modules\firebase-tools\lib\init\features\project.js:77:27)
    at async init (C:\Users\oinbo\AppData\Roaming\npm\node_modules\firebase-tools\lib\init\index.js:19:9)
[error] 
[error] Error: Failed to get Firebase project surveasy-prototype. Please make sure the project exists and your account has permission to access it.
[debug] [2021-09-22T14:47:41.939Z] ----------------------------------------------------------------------
[debug] [2021-09-22T14:47:41.941Z] Command:       C:\Program Files\nodejs\node.exe C:\Users\oinbo\AppData\Roaming\npm\node_modules\firebase-tools\lib\bin\firebase.js init
[debug] [2021-09-22T14:47:41.941Z] CLI Version:   9.18.0
[debug] [2021-09-22T14:47:41.941Z] Platform:      win32
[debug] [2021-09-22T14:47:41.941Z] Node Version:  v16.7.0
[debug] [2021-09-22T14:47:41.942Z] Time:          Wed Sep 22 2021 23:47:41 GMT+0900 (대한민국 표준시)
[debug] [2021-09-22T14:47:41.943Z] ----------------------------------------------------------------------
[debug] 
[debug] [2021-09-22T14:47:41.993Z] > command requires scopes: ["email","openid","https://www.googleapis.com/auth/cloudplatformprojects.readonly","https://www.googleapis.com/auth/firebase","https://www.googleapis.com/auth/cloud-platform"]
[debug] [2021-09-22T14:47:41.993Z] > authorizing via signed-in user (saeyoung1192@gmail.com)
[info] 
     ######## #### ########  ######## ########     ###     ######  ########
     ##        ##  ##     ## ##       ##     ##  ##   ##  ##       ##
     ######    ##  ########  ######   ########  #########  ######  ######
     ##        ##  ##    ##  ##       ##     ## ##     ##       ## ##
     ##       #### ##     ## ######## ########  ##     ##  ######  ########

You're about to initialize a Firebase project in this directory:

  C:\Users\oinbo\Desktop\vuePT\surveasy-Web\surveasy-sketch

Before we get started, keep in mind:

  * You are initializing within an existing Firebase project directory

[info] 
=== Project Setup
[info] 
[info] First, let's associate this project directory with a Firebase project.
[info] You can create multiple project aliases by running firebase use --add, 
[info] but for now we'll just set up a default project.
[info] 
[info] i  .firebaserc already has a default project, using surveasy-storage. 
[debug] [2021-09-22T14:47:53.048Z] >>> [apiv2][query] GET https://firebase.googleapis.com/v1beta1/projects/surveasy-storage [none]
[debug] [2021-09-22T14:47:53.779Z] <<< [apiv2][status] GET https://firebase.googleapis.com/v1beta1/projects/surveasy-storage 403
[debug] [2021-09-22T14:47:53.779Z] <<< [apiv2][body] GET https://firebase.googleapis.com/v1beta1/projects/surveasy-storage {"error":{"code":403,"message":"The caller does not have permission","status":"PERMISSION_DENIED"}}
[debug] [2021-09-22T14:47:53.779Z] HTTP Error: 403, The caller does not have permission
[debug] [2021-09-22T14:47:54.000Z] FirebaseError: HTTP Error: 403, The caller does not have permission
    at module.exports (C:\Users\oinbo\AppData\Roaming\npm\node_modules\firebase-tools\lib\responseToError.js:38:12)
    at Client.doRequest (C:\Users\oinbo\AppData\Roaming\npm\node_modules\firebase-tools\lib\apiv2.js:238:23)
    at processTicksAndRejections (node:internal/process/task_queues:96:5)
    at async Client.request (C:\Users\oinbo\AppData\Roaming\npm\node_modules\firebase-tools\lib\apiv2.js:96:20)
    at async Object.getFirebaseProject (C:\Users\oinbo\AppData\Roaming\npm\node_modules\firebase-tools\lib\management\projects.js:290:21)
    at async Object.doSetup [as project] (C:\Users\oinbo\AppData\Roaming\npm\node_modules\firebase-tools\lib\init\features\project.js:77:27)
    at async init (C:\Users\oinbo\AppData\Roaming\npm\node_modules\firebase-tools\lib\init\index.js:19:9)
[error] 
[error] Error: Failed to get Firebase project surveasy-storage. Please make sure the project exists and your account has permission to access it.
